INFO:     Started server process [8276]
INFO:     Waiting for application startup.
C:\Users\Hello\AppData\Local\Python\pythoncore-3.14-64\Lib\site-packages\sklearn\base.py:525: InconsistentVersionWarning: Trying to unpickle estimator DecisionTreeClassifier from version 1.6.1 when using version 1.9.0. This might lead to breaking code or invalid results. Use at your own risk. For more info please refer to:
https://scikit-learn.org/stable/model_persistence.html#security-maintainability-limitations
  warnings.warn(
C:\Users\Hello\AppData\Local\Python\pythoncore-3.14-64\Lib\site-packages\sklearn\base.py:525: InconsistentVersionWarning: Trying to unpickle estimator RandomForestClassifier from version 1.6.1 when using version 1.9.0. This might lead to breaking code or invalid results. Use at your own risk. For more info please refer to:
https://scikit-learn.org/stable/model_persistence.html#security-maintainability-limitations
  warnings.warn(
C:\Users\Hello\AppData\Local\Python\pythoncore-3.14-64\Lib\site-packages\sklearn\base.py:525: InconsistentVersionWarning: Trying to unpickle estimator LabelEncoder from version 1.6.1 when using version 1.9.0. This might lead to breaking code or invalid results. Use at your own risk. For more info please refer to:
https://scikit-learn.org/stable/model_persistence.html#security-maintainability-limitations
  warnings.warn(
C:\Users\Hello\AppData\Local\Python\pythoncore-3.14-64\Lib\site-packages\sklearn\base.py:525: InconsistentVersionWarning: Trying to unpickle estimator DecisionTreeRegressor from version 1.6.1 when using version 1.9.0. This might lead to breaking code or invalid results. Use at your own risk. For more info please refer to:
https://scikit-learn.org/stable/model_persistence.html#security-maintainability-limitations
  warnings.warn(
C:\Users\Hello\AppData\Local\Python\pythoncore-3.14-64\Lib\site-packages\sklearn\base.py:525: InconsistentVersionWarning: Trying to unpickle estimator RandomForestRegressor from version 1.6.1 when using version 1.9.0. This might lead to breaking code or invalid results. Use at your own risk. For more info please refer to:
https://scikit-learn.org/stable/model_persistence.html#security-maintainability-limitations
  warnings.warn(
INFO:     Application startup complete.
INFO:     Uvicorn running on http://127.0.0.1:10000 (Press CTRL+C to quit)
C:\Users\Hello\AppData\Local\Python\pythoncore-3.14-64\Lib\site-packages\sklearn\utils\validation.py:2827: UserWarning: X does not have valid feature names, but RandomForestClassifier was fitted with feature names
  warnings.warn(
C:\Users\Hello\AppData\Local\Python\pythoncore-3.14-64\Lib\site-packages\sklearn\utils\validation.py:2827: UserWarning: X does not have valid feature names, but RandomForestRegressor was fitted with feature names
  warnings.warn(
C:\Users\Hello\AppData\Local\Python\pythoncore-3.14-64\Lib\site-packages\sklearn\utils\validation.py:2827: UserWarning: X does not have valid feature names, but RandomForestRegressor was fitted with feature names
  warnings.warn(
C:\Users\Hello\AppData\Local\Python\pythoncore-3.14-64\Lib\site-packages\sklearn\utils\validation.py:2827: UserWarning: X does not have valid feature names, but RandomForestRegressor was fitted with feature names
  warnings.warn(
C:\Users\Hello\AppData\Local\Python\pythoncore-3.14-64\Lib\site-packages\sklearn\utils\validation.py:2827: UserWarning: X does not have valid feature names, but RandomForestRegressor was fitted with feature names
  warnings.warn(
C:\Users\Hello\AppData\Local\Python\pythoncore-3.14-64\Lib\site-packages\sklearn\utils\validation.py:2827: UserWarning: X does not have valid feature names, but RandomForestClassifier was fitted with feature names
  warnings.warn(
C:\Users\Hello\AppData\Local\Python\pythoncore-3.14-64\Lib\site-packages\sklearn\utils\validation.py:2827: UserWarning: X does not have valid feature names, but RandomForestClassifier was fitted with feature names
  warnings.warn(
C:\Users\Hello\AppData\Local\Python\pythoncore-3.14-64\Lib\site-packages\sklearn\utils\validation.py:2827: UserWarning: X does not have valid feature names, but RandomForestClassifier was fitted with feature names
  warnings.warn(
C:\Users\Hello\AppData\Local\Python\pythoncore-3.14-64\Lib\site-packages\sklearn\utils\validation.py:2827: UserWarning: X does not have valid feature names, but RandomForestClassifier was fitted with feature names
  warnings.warn(
C:\Users\Hello\AppData\Local\Python\pythoncore-3.14-64\Lib\site-packages\sklearn\utils\validation.py:2827: UserWarning: X does not have valid feature names, but RandomForestClassifier was fitted with feature names
  warnings.warn(
C:\Users\Hello\AppData\Local\Python\pythoncore-3.14-64\Lib\site-packages\sklearn\utils\validation.py:2827: UserWarning: X does not have valid feature names, but RandomForestClassifier was fitted with feature names
  warnings.warn(
C:\Users\Hello\AppData\Local\Python\pythoncore-3.14-64\Lib\site-packages\sklearn\utils\validation.py:2827: UserWarning: X does not have valid feature names, but RandomForestClassifier was fitted with feature names
  warnings.warn(
C:\Users\Hello\AppData\Local\Python\pythoncore-3.14-64\Lib\site-packages\sklearn\utils\validation.py:2827: UserWarning: X does not have valid feature names, but RandomForestClassifier was fitted with feature names
  warnings.warn(
C:\Users\Hello\AppData\Local\Python\pythoncore-3.14-64\Lib\site-packages\sklearn\utils\validation.py:2827: UserWarning: X does not have valid feature names, but RandomForestClassifier was fitted with feature names
  warnings.warn(
C:\Users\Hello\AppData\Local\Python\pythoncore-3.14-64\Lib\site-packages\sklearn\utils\validation.py:2827: UserWarning: X does not have valid feature names, but RandomForestClassifier was fitted with feature names
  warnings.warn(
C:\Users\Hello\AppData\Local\Python\pythoncore-3.14-64\Lib\site-packages\sklearn\utils\validation.py:2827: UserWarning: X does not have valid feature names, but RandomForestClassifier was fitted with feature names
  warnings.warn(
C:\Users\Hello\AppData\Local\Python\pythoncore-3.14-64\Lib\site-packages\sklearn\utils\validation.py:2827: UserWarning: X does not have valid feature names, but RandomForestClassifier was fitted with feature names
  warnings.warn(
C:\Users\Hello\AppData\Local\Python\pythoncore-3.14-64\Lib\site-packages\sklearn\utils\validation.py:2827: UserWarning: X does not have valid feature names, but RandomForestClassifier was fitted with feature names
  warnings.warn(
C:\Users\Hello\AppData\Local\Python\pythoncore-3.14-64\Lib\site-packages\sklearn\utils\validation.py:2827: UserWarning: X does not have valid feature names, but RandomForestRegressor was fitted with feature names
  warnings.warn(
