2026-07-21T14:01:48Z INF Thank you for trying Cloudflare Tunnel. Doing so, without a Cloudflare account, is a quick way to experiment and try it out. However, be aware that these account-less Tunnels have no uptime guarantee, are subject to the Cloudflare Online Services Terms of Use (https://www.cloudflare.com/website-terms/), and Cloudflare reserves the right to investigate your use of Tunnels for violations of such terms. If you intend to use Tunnels in production you should use a pre-created named tunnel by following: https://developers.cloudflare.com/cloudflare-one/connections/connect-apps
2026-07-21T14:01:49Z INF Requesting new quick Tunnel on trycloudflare.com...
2026-07-21T14:01:57Z INF +--------------------------------------------------------------------------------------------+
2026-07-21T14:01:57Z INF |  Your quick Tunnel has been created! Visit it at (it may take some time to be reachable):  |
2026-07-21T14:01:57Z INF |  https://privacy-examination-workplace-seo.trycloudflare.com                               |
2026-07-21T14:01:57Z INF +--------------------------------------------------------------------------------------------+
2026-07-21T14:01:57Z INF Cannot determine default configuration path. No file [config.yml config.yaml] in [~/.cloudflared ~/.cloudflare-warp ~/cloudflare-warp]
2026-07-21T14:01:57Z INF Version 2026.7.2 (Checksum cdb5d4432f6ae1595654a692a51308b69d2bf7af961f5578d9391837cf072df9)
2026-07-21T14:01:57Z INF GOOS: windows, GOVersion: go1.26.4, GoArch: amd64
2026-07-21T14:01:57Z INF Settings: map[ha-connections:1 protocol:quic url:http://127.0.0.1:10000]
2026-07-21T14:01:57Z INF cloudflared will not automatically update on Windows systems.
2026-07-21T14:01:57Z INF Generated Connector ID: 92cfa54f-0c03-4c3a-b1b8-fcae7c41f9ba
2026-07-21T14:01:57Z INF Initial protocol quic
2026-07-21T14:01:57Z INF ICMP proxy will use 192.168.0.102 as source for IPv4
2026-07-21T14:01:57Z INF ICMP proxy will use 2406:7400:43:f6b8:7e36:1639:56d6:85e6 in zone Wi-Fi as source for IPv6
2026-07-21T14:01:58Z INF cloudflared does not support loading the system root certificate pool on Windows. Please use --origin-ca-pool <PATH> to specify the path to the certificate pool
2026-07-21T14:01:58Z INF ICMP proxy will use 192.168.0.102 as source for IPv4
2026-07-21T14:01:58Z INF Tunnel connection curve preferences: [X25519MLKEM768 CurveID(65074) CurveP256] connIndex=0 event=0 ip=2606:4700:a0::8
2026-07-21T14:01:58Z INF ICMP proxy will use 2406:7400:43:f6b8:7e36:1639:56d6:85e6 in zone Wi-Fi as source for IPv6
2026-07-21T14:01:58Z INF Starting metrics server on 127.0.0.1:20241/metrics
2026-07-21T14:01:59Z INF Registered tunnel connection connIndex=0 connection=d910e407-8810-4b60-b13f-543a59069963 event=0 ip=2606:4700:a0::8 location=maa05 protocol=quic
2026-07-21T14:01:59Z INF +-------------------------------------------------------------------------------------+
2026-07-21T14:01:59Z INF |                               CONNECTIVITY PRE-CHECKS                               |
2026-07-21T14:01:59Z INF +-------------------------------------------------------------------------------------+
2026-07-21T14:01:59Z INF |  COMPONENT         TARGET                     STATUS  DETAILS                       |
2026-07-21T14:01:59Z INF |  DNS Resolution    region1.v2.argotunnel.com  PASS    DNS Resolved successfully     |
2026-07-21T14:01:59Z INF |  DNS Resolution    region2.v2.argotunnel.com  PASS    DNS Resolved successfully     |
2026-07-21T14:01:59Z INF |  UDP Connectivity  region1.v2.argotunnel.com  PASS    QUIC connection successful    |
2026-07-21T14:01:59Z INF |  UDP Connectivity  region2.v2.argotunnel.com  PASS    QUIC connection successful    |
2026-07-21T14:01:59Z INF |  TCP Connectivity  region1.v2.argotunnel.com  PASS    HTTP/2 connection successful  |
2026-07-21T14:01:59Z INF |  TCP Connectivity  region2.v2.argotunnel.com  PASS    HTTP/2 connection successful  |
2026-07-21T14:01:59Z INF |  Cloudflare API    api.cloudflare.com:443     PASS    API is reachable              |
2026-07-21T14:01:59Z INF |                                                                                     |
2026-07-21T14:01:59Z INF |  SUMMARY: Environment is healthy. cloudflared will use 'quic' as primary protocol.  |
2026-07-21T14:01:59Z INF +-------------------------------------------------------------------------------------+
2026-07-21T14:01:59Z INF precheck component="DNS Resolution" details="DNS Resolved successfully" run_id=35d91e18-1676-46ed-ac6a-343257fab2ff status=pass target=region1.v2.argotunnel.com
2026-07-21T14:01:59Z INF precheck component="DNS Resolution" details="DNS Resolved successfully" run_id=35d91e18-1676-46ed-ac6a-343257fab2ff status=pass target=region2.v2.argotunnel.com
2026-07-21T14:01:59Z INF precheck component="UDP Connectivity" details="QUIC connection successful" run_id=35d91e18-1676-46ed-ac6a-343257fab2ff status=pass target=region1.v2.argotunnel.com
2026-07-21T14:02:00Z INF precheck component="UDP Connectivity" details="QUIC connection successful" run_id=35d91e18-1676-46ed-ac6a-343257fab2ff status=pass target=region2.v2.argotunnel.com
2026-07-21T14:02:00Z INF precheck component="TCP Connectivity" details="HTTP/2 connection successful" run_id=35d91e18-1676-46ed-ac6a-343257fab2ff status=pass target=region1.v2.argotunnel.com
2026-07-21T14:02:00Z INF precheck component="TCP Connectivity" details="HTTP/2 connection successful" run_id=35d91e18-1676-46ed-ac6a-343257fab2ff status=pass target=region2.v2.argotunnel.com
2026-07-21T14:02:00Z INF precheck component="Cloudflare API" details="API is reachable" run_id=35d91e18-1676-46ed-ac6a-343257fab2ff status=pass target=api.cloudflare.com:443
2026-07-21T14:02:00Z INF precheck complete hard_fail=false run_id=35d91e18-1676-46ed-ac6a-343257fab2ff suggested_protocol=quic
2026-07-21T14:06:42Z INF Initiating graceful shutdown due to signal terminated ...
2026-07-21T14:06:42Z ERR failed to run the datagram handler error="Application error 0x0 (remote)" connIndex=0 event=0 ip=2606:4700:a0::8
2026-07-21T14:06:42Z ERR failed to serve tunnel connection error="accept stream listener encountered a failure while serving" connIndex=0 event=0 ip=2606:4700:a0::8
2026-07-21T14:06:42Z ERR Serve tunnel error error="accept stream listener encountered a failure while serving" connIndex=0 event=0 ip=2606:4700:a0::8
2026-07-21T14:06:42Z INF Retrying connection in up to 1s connIndex=0 event=0 ip=2606:4700:a0::8
2026-07-21T14:06:42Z ERR Connection terminated connIndex=0
2026-07-21T14:06:42Z ERR no more connections active and exiting
2026-07-21T14:06:42Z INF Tunnel server stopped
2026-07-21T14:06:42Z INF Metrics server stopped
